<?xml version="1.0" encoding="UTF-8"?>
<!-- Generated by org.testng.reporters.JUnitXMLReporter -->
<testsuite ignored="1" hostname="DESKTOP-NIAVJKT" failures="0" tests="3" name="test1" time="0.041" errors="0" timestamp="2022-03-29T00:51:54 EDT">
  <testcase classname="ecommerce.test1" name="A" time="0.009"/>
  <testcase classname="ecommerce.test1" name="start" time="0.001"/>
  <testcase classname="ecommerce.test1" name="stop" time="0.001"/>
  <testcase classname="ecommerce.test1" name="B" time="0.0">
    <ignored/>
  </testcase> <!-- B -->
</testsuite> <!-- test1 -->
