<?xml version="1.0" encoding="UTF-8"?>
<testng-results ignored="0" total="1" passed="1" failed="0" skipped="0">
  <reporter-output>
  </reporter-output>
  <suite started-at="2022-04-06T11:56:19 EDT" name="Default suite" finished-at="2022-04-06T12:00:53 EDT" duration-ms="274230">
    <groups>
    </groups>
    <test started-at="2022-04-06T11:56:19 EDT" name="Default test" finished-at="2022-04-06T12:00:53 EDT" duration-ms="274230">
      <class name="ecommerce.Test_POM">
        <test-method is-config="true" signature="setUp()[pri:0, instance:ecommerce.Test_POM@10d307f1]" started-at="2022-04-06T11:56:19 EDT" name="setUp" finished-at="2022-04-06T11:56:29 EDT" duration-ms="10117" status="PASS">
          <reporter-output>
          </reporter-output>
        </test-method> <!-- setUp -->
        <test-method signature="loginPageTitleTest()[pri:1, instance:ecommerce.Test_POM@10d307f1]" started-at="2022-04-06T11:56:29 EDT" name="loginPageTitleTest" finished-at="2022-04-06T12:00:52 EDT" duration-ms="263167" status="PASS">
          <reporter-output>
          </reporter-output>
        </test-method> <!-- loginPageTitleTest -->
        <test-method is-config="true" signature="tearDown()[pri:0, instance:ecommerce.Test_POM@10d307f1]" started-at="2022-04-06T12:00:52 EDT" name="tearDown" finished-at="2022-04-06T12:00:53 EDT" duration-ms="916" status="PASS">
          <reporter-output>
          </reporter-output>
        </test-method> <!-- tearDown -->
      </class> <!-- ecommerce.Test_POM -->
    </test> <!-- Default test -->
  </suite> <!-- Default suite -->
</testng-results>
